<?xml version="1.0" encoding="UTF-8"?>
<testng-results ignored="0" total="1" passed="0" failed="0" skipped="1">
  <reporter-output>
  </reporter-output>
  <suite started-at="2021-06-24T12:52:02 IST" name="Default suite" finished-at="2021-06-24T12:52:02 IST" duration-ms="41">
    <groups>
    </groups>
    <test started-at="2021-06-24T12:52:02 IST" name="Default test" finished-at="2021-06-24T12:52:02 IST" duration-ms="41">
      <class name="Testng.HeroInternetTest">
        <test-method is-config="true" signature="inte()[pri:0, instance:Testng.HeroInternetTest@77167fb7]" started-at="2021-06-24T12:52:02 IST" name="inte" finished-at="2021-06-24T12:52:02 IST" duration-ms="9" status="FAIL">
          <exception class="java.lang.RuntimeException">
            <message>
              <![CDATA[Driverpath not configured]]>
            </message>
            <full-stacktrace>
              <![CDATA[java.lang.RuntimeException: Driverpath not configured
at utilities.ConfigurationReade.getdriverpath(ConfigurationReade.java:38)
at utilities.BaseClass.driverintiateWeb(BaseClass.java:20)
at Testng.HeroInternetTest.inte(HeroInternetTest.java:18)
at java.base/jdk.internal.reflect.NativeMethodAccessorImpl.invoke0(Native Method)
at java.base/jdk.internal.reflect.NativeMethodAccessorImpl.invoke(NativeMethodAccessorImpl.java:64)
at java.base/jdk.internal.reflect.DelegatingMethodAccessorImpl.invoke(DelegatingMethodAccessorImpl.java:43)
at java.base/java.lang.reflect.Method.invoke(Method.java:564)
at org.testng.internal.MethodInvocationHelper.invokeMethod(MethodInvocationHelper.java:132)
at org.testng.internal.MethodInvocationHelper.invokeMethodConsideringTimeout(MethodInvocationHelper.java:61)
at org.testng.internal.ConfigInvoker.invokeConfigurationMethod(ConfigInvoker.java:366)
at org.testng.internal.ConfigInvoker.invokeConfigurations(ConfigInvoker.java:320)
at org.testng.TestRunner.invokeTestConfigurations(TestRunner.java:617)
at org.testng.TestRunner.beforeRun(TestRunner.java:607)
at org.testng.TestRunner.run(TestRunner.java:578)
at org.testng.SuiteRunner.runTest(SuiteRunner.java:384)
at org.testng.SuiteRunner.runSequentially(SuiteRunner.java:378)
at org.testng.SuiteRunner.privateRun(SuiteRunner.java:337)
at org.testng.SuiteRunner.run(SuiteRunner.java:286)
at org.testng.SuiteRunnerWorker.runSuite(SuiteRunnerWorker.java:53)
at org.testng.SuiteRunnerWorker.run(SuiteRunnerWorker.java:96)
at org.testng.TestNG.runSuitesSequentially(TestNG.java:1218)
at org.testng.TestNG.runSuitesLocally(TestNG.java:1140)
at org.testng.TestNG.runSuites(TestNG.java:1069)
at org.testng.TestNG.run(TestNG.java:1037)
at org.testng.remote.AbstractRemoteTestNG.run(AbstractRemoteTestNG.java:115)
at org.testng.remote.RemoteTestNG.initAndRun(RemoteTestNG.java:251)
at org.testng.remote.RemoteTestNG.main(RemoteTestNG.java:77)
]]>
            </full-stacktrace>
          </exception> <!-- java.lang.RuntimeException -->
          <reporter-output>
          </reporter-output>
        </test-method> <!-- inte -->
        <test-method signature="DynamicLoad()[pri:0, instance:Testng.HeroInternetTest@77167fb7]" started-at="2021-06-24T12:52:02 IST" name="DynamicLoad" finished-at="2021-06-24T12:52:02 IST" duration-ms="0" status="SKIP">
          <exception class="java.lang.RuntimeException">
            <message>
              <![CDATA[Driverpath not configured]]>
            </message>
            <full-stacktrace>
              <![CDATA[java.lang.RuntimeException: Driverpath not configured
at utilities.ConfigurationReade.getdriverpath(ConfigurationReade.java:38)
at utilities.BaseClass.driverintiateWeb(BaseClass.java:20)
at Testng.HeroInternetTest.inte(HeroInternetTest.java:18)
at java.base/jdk.internal.reflect.NativeMethodAccessorImpl.invoke0(Native Method)
at java.base/jdk.internal.reflect.NativeMethodAccessorImpl.invoke(NativeMethodAccessorImpl.java:64)
at java.base/jdk.internal.reflect.DelegatingMethodAccessorImpl.invoke(DelegatingMethodAccessorImpl.java:43)
at java.base/java.lang.reflect.Method.invoke(Method.java:564)
at org.testng.internal.MethodInvocationHelper.invokeMethod(MethodInvocationHelper.java:132)
at org.testng.internal.MethodInvocationHelper.invokeMethodConsideringTimeout(MethodInvocationHelper.java:61)
at org.testng.internal.ConfigInvoker.invokeConfigurationMethod(ConfigInvoker.java:366)
at org.testng.internal.ConfigInvoker.invokeConfigurations(ConfigInvoker.java:320)
at org.testng.TestRunner.invokeTestConfigurations(TestRunner.java:617)
at org.testng.TestRunner.beforeRun(TestRunner.java:607)
at org.testng.TestRunner.run(TestRunner.java:578)
at org.testng.SuiteRunner.runTest(SuiteRunner.java:384)
at org.testng.SuiteRunner.runSequentially(SuiteRunner.java:378)
at org.testng.SuiteRunner.privateRun(SuiteRunner.java:337)
at org.testng.SuiteRunner.run(SuiteRunner.java:286)
at org.testng.SuiteRunnerWorker.runSuite(SuiteRunnerWorker.java:53)
at org.testng.SuiteRunnerWorker.run(SuiteRunnerWorker.java:96)
at org.testng.TestNG.runSuitesSequentially(TestNG.java:1218)
at org.testng.TestNG.runSuitesLocally(TestNG.java:1140)
at org.testng.TestNG.runSuites(TestNG.java:1069)
at org.testng.TestNG.run(TestNG.java:1037)
at org.testng.remote.AbstractRemoteTestNG.run(AbstractRemoteTestNG.java:115)
at org.testng.remote.RemoteTestNG.initAndRun(RemoteTestNG.java:251)
at org.testng.remote.RemoteTestNG.main(RemoteTestNG.java:77)
]]>
            </full-stacktrace>
          </exception> <!-- java.lang.RuntimeException -->
          <reporter-output>
          </reporter-output>
        </test-method> <!-- DynamicLoad -->
        <test-method is-config="true" signature="closeb()[pri:0, instance:Testng.HeroInternetTest@77167fb7]" started-at="2021-06-24T12:52:02 IST" name="closeb" finished-at="1970-01-01T05:30:00 IST" duration-ms="-1624519322360" status="SKIP">
          <reporter-output>
          </reporter-output>
        </test-method> <!-- closeb -->
      </class> <!-- Testng.HeroInternetTest -->
    </test> <!-- Default test -->
  </suite> <!-- Default suite -->
</testng-results>
